<?xml version="1.0" encoding="UTF-8"?>
<!-- Generated by org.testng.reporters.JUnitReportReporter -->
<testsuite skipped="0" hostname="DESKTOP-SHFS40Q" name="com.Rest.getWorkSpacesFromPostman" tests="1" failures="0" timestamp="2021-06-21T11:59:43 IST" time="12.384" errors="0">
  <testcase name="test" time="12.384" classname="com.Rest.getWorkSpacesFromPostman"/>
  <system-out/>
</testsuite> <!-- com.Rest.getWorkSpacesFromPostman -->
