<?xml version="1.0" encoding="UTF-8"?>
<!-- Generated by org.testng.reporters.JUnitReportReporter -->
<testsuite skipped="0" hostname="DESKTOP-SHFS40Q" name="com.Rest.GetSpecifiedLabelInGmail" tests="1" failures="0" timestamp="2021-08-03T22:20:19 IST" time="5.240" errors="0">
  <testcase name="getSpecifiedLabelsList" time="5.240" classname="com.Rest.GetSpecifiedLabelInGmail"/>
  <system-out/>
</testsuite> <!-- com.Rest.GetSpecifiedLabelInGmail -->
