<?xml version="1.0" encoding="UTF-8"?>
<!-- Generated by org.testng.reporters.JUnitReportReporter -->
<testsuite skipped="0" hostname="DESKTOP-SHFS40Q" name="com.Rest.TestCase1" tests="1" failures="0" timestamp="2021-07-06T16:13:55 IST" time="3.955" errors="0">
  <testcase name="validateStatusCode" time="3.955" classname="com.Rest.TestCase1"/>
  <system-out/>
</testsuite> <!-- com.Rest.TestCase1 -->
