<?xml version="1.0" encoding="UTF-8"?>
<!-- Generated by org.testng.reporters.JUnitReportReporter -->
<testsuite skipped="0" hostname="DESKTOP-SHFS40Q" name="com.Rest.SerializeAndDeserializePractice3" tests="1" failures="0" timestamp="2021-07-22T20:05:13 IST" time="8.698" errors="0">
  <testcase name="Test" time="8.698" classname="com.Rest.SerializeAndDeserializePractice3"/>
  <system-out/>
</testsuite> <!-- com.Rest.SerializeAndDeserializePractice3 -->
