<?xml version="1.0" encoding="UTF-8"?>
<!-- Generated by org.testng.reporters.JUnitReportReporter -->
<testsuite skipped="0" hostname="DESKTOP-SHFS40Q" name="com.Rest.RequestGETAllAvailableCategories" tests="2" failures="0" timestamp="2021-08-15T18:47:36 IST" time="4.742" errors="0">
  <testcase name="getAllAvailableCategories" time="3.953" classname="com.Rest.RequestGETAllAvailableCategories"/>
  <system-out/>
  <testcase name="getAllCategoriesBasedOnCountryCode" time="0.789" classname="com.Rest.RequestGETAllAvailableCategories"/>
  <system-out/>
</testsuite> <!-- com.Rest.RequestGETAllAvailableCategories -->
