<?xml version="1.0" encoding="UTF-8"?>
<!-- Generated by org.testng.reporters.JUnitReportReporter -->
<testsuite skipped="0" hostname="DESKTOP-SHFS40Q" name="com.Rest.MoveMailToTrashThenUntrash" tests="3" failures="0" timestamp="2021-07-31T19:42:24 IST" time="8.189" errors="0">
  <testcase name="moveMailToTrash" time="5.334" classname="com.Rest.MoveMailToTrashThenUntrash"/>
  <system-out/>
  <testcase name="moveMailBackToUntrash" time="1.917" classname="com.Rest.MoveMailToTrashThenUntrash"/>
  <system-out/>
  <testcase name="getLabelIDsOfTheMail" time="0.938" classname="com.Rest.MoveMailToTrashThenUntrash"/>
  <system-out/>
</testsuite> <!-- com.Rest.MoveMailToTrashThenUntrash -->
