<?xml version="1.0" encoding="UTF-8"?>
<!-- Generated by org.testng.reporters.JUnitReportReporter -->
<testsuite skipped="0" hostname="DESKTOP-SHFS40Q" name="com.Rest.RenewRefreshToken" tests="1" failures="0" timestamp="2021-08-06T07:54:44 IST" time="4.891" errors="0">
  <testcase name="retrieveAccessToken" time="4.891" classname="com.Rest.RenewRefreshToken"/>
  <system-out/>
</testsuite> <!-- com.Rest.RenewRefreshToken -->
