<?xml version="1.0" encoding="UTF-8"?>
<!-- Generated by org.testng.reporters.JUnitReportReporter -->
<testsuite skipped="0" hostname="DESKTOP-SHFS40Q" name="com.Rest.PatchLabelInfoGmail" tests="2" failures="0" timestamp="2021-08-04T21:03:03 IST" time="4.049" errors="0">
  <testcase name="updateLabelUsingPatchRequest" time="3.015" classname="com.Rest.PatchLabelInfoGmail"/>
  <system-out/>
  <testcase name="getLabelsList" time="1.034" classname="com.Rest.PatchLabelInfoGmail"/>
  <system-out/>
</testsuite> <!-- com.Rest.PatchLabelInfoGmail -->
