<?xml version="1.0" encoding="UTF-8"?>
<!-- Generated by org.testng.reporters.JUnitReportReporter -->
<testsuite skipped="0" hostname="DESKTOP-SHFS40Q" name="com.Rest.ModifyLabelIDsOnMessage" tests="4" failures="0" timestamp="2021-08-01T12:35:02 IST" time="6.832" errors="0">
  <testcase name="addLabelID" time="3.365" classname="com.Rest.ModifyLabelIDsOnMessage"/>
  <system-out/>
  <testcase name="getLabelIDsOfTheMail1" time="1.969" classname="com.Rest.ModifyLabelIDsOnMessage"/>
  <system-out/>
  <testcase name="removeLabelID" time="0.792" classname="com.Rest.ModifyLabelIDsOnMessage"/>
  <system-out/>
  <testcase name="getLabelIDsOfTheMail2" time="0.706" classname="com.Rest.ModifyLabelIDsOnMessage"/>
  <system-out/>
</testsuite> <!-- com.Rest.ModifyLabelIDsOnMessage -->
