<?xml version="1.0" encoding="UTF-8"?>
<!-- Generated by org.testng.reporters.JUnitReportReporter -->
<testsuite skipped="0" hostname="DESKTOP-SHFS40Q" name="com.Rest.SendDraftMailUsingGmail" tests="2" failures="0" timestamp="2021-08-02T11:31:18 IST" time="4.896" errors="0">
  <testcase name="getDraftMailID" time="3.944" classname="com.Rest.SendDraftMailUsingGmail"/>
  <system-out/>
  <testcase name="sendDraftMail" time="0.952" classname="com.Rest.SendDraftMailUsingGmail"/>
  <system-out/>
</testsuite> <!-- com.Rest.SendDraftMailUsingGmail -->
