<?xml version="1.0" encoding="UTF-8"?>
<!-- Generated by org.testng.reporters.JUnitReportReporter -->
<testsuite skipped="0" hostname="DESKTOP-SHFS40Q" name="com.Rest.RequestRefreshTokenSpotify" tests="1" failures="0" timestamp="2021-08-18T13:56:59 IST" time="4.662" errors="0">
  <testcase name="requestRefreshToken" time="4.662" classname="com.Rest.RequestRefreshTokenSpotify"/>
  <system-out/>
</testsuite> <!-- com.Rest.RequestRefreshTokenSpotify -->
