<?xml version="1.0" encoding="UTF-8"?>
<!-- Generated by org.testng.reporters.JUnitReportReporter -->
<testsuite skipped="0" hostname="DESKTOP-SHFS40Q" name="com.Rest.CreateLabelInGmail" tests="2" failures="0" timestamp="2021-08-02T16:17:53 IST" time="4.128" errors="0">
  <testcase name="createLabel" time="3.406" classname="com.Rest.CreateLabelInGmail"/>
  <system-out/>
  <testcase name="getLabelsList" time="0.722" classname="com.Rest.CreateLabelInGmail"/>
  <system-out/>
</testsuite> <!-- com.Rest.CreateLabelInGmail -->
