<?xml version="1.0" encoding="UTF-8"?>
<!-- Generated by org.testng.reporters.JUnitReportReporter -->
<testsuite skipped="0" hostname="DESKTOP-SHFS40Q" name="com.Rest.AutomatingHeadersInReqAndResp" tests="1" failures="0" timestamp="2021-06-27T17:29:30 IST" time="5.025" errors="0">
  <testcase name="extractResponseHeaders" time="5.025" classname="com.Rest.AutomatingHeadersInReqAndResp"/>
  <system-out/>
</testsuite> <!-- com.Rest.AutomatingHeadersInReqAndResp -->
