<?xml version="1.0" encoding="UTF-8"?>
<!-- Generated by org.testng.reporters.JUnitReportReporter -->
<testsuite skipped="0" hostname="DESKTOP-SHFS40Q" name="com.Rest.RequestGETUserProfile" tests="1" failures="0" timestamp="2021-08-13T16:07:00 IST" time="3.564" errors="0">
  <testcase name="getProfile" time="3.564" classname="com.Rest.RequestGETUserProfile"/>
  <system-out/>
</testsuite> <!-- com.Rest.RequestGETUserProfile -->
