<?xml version="1.0" encoding="UTF-8"?>
<!-- Generated by org.testng.reporters.JUnitReportReporter -->
<testsuite skipped="0" hostname="DESKTOP-SHFS40Q" name="com.Rest.CreateDraftMailUsingGmail" tests="1" failures="0" timestamp="2021-08-01T13:00:08 IST" time="5.418" errors="0">
  <testcase name="test" time="5.418" classname="com.Rest.CreateDraftMailUsingGmail"/>
  <system-out/>
</testsuite> <!-- com.Rest.CreateDraftMailUsingGmail -->
