<?xml version="1.0" encoding="UTF-8"?>
<!-- Generated by org.testng.reporters.JUnitReportReporter -->
<testsuite skipped="0" hostname="DESKTOP-SHFS40Q" name="com.Rest.SerializeComplexPOJO" tests="1" failures="0" timestamp="2021-07-15T20:08:14 IST" time="7.462" errors="0">
  <testcase name="POSTRequest" time="7.462" classname="com.Rest.SerializeComplexPOJO"/>
  <system-out/>
</testsuite> <!-- com.Rest.SerializeComplexPOJO -->
