<?xml version="1.0" encoding="UTF-8"?>
<!-- Generated by org.testng.reporters.JUnitReportReporter -->
<testsuite skipped="0" hostname="DESKTOP-SHFS40Q" name="com.Rest.Spotify_PlaylistsAPI.RequestPUTReorderUserPlaylistItems" tests="3" failures="0" timestamp="2021-08-18T14:11:05 IST" time="14.634" errors="0">
  <testcase name="orderBeforeRearranging" time="9.045" classname="com.Rest.Spotify_PlaylistsAPI.RequestPUTReorderUserPlaylistItems"/>
  <system-out/>
  <testcase name="rearranagePlaylistTracks" time="0.534" classname="com.Rest.Spotify_PlaylistsAPI.RequestPUTReorderUserPlaylistItems"/>
  <system-out/>
  <testcase name="orderAfterRearranging" time="5.055" classname="com.Rest.Spotify_PlaylistsAPI.RequestPUTReorderUserPlaylistItems"/>
  <system-out/>
</testsuite> <!-- com.Rest.Spotify_PlaylistsAPI.RequestPUTReorderUserPlaylistItems -->
