<?xml version="1.0" encoding="UTF-8"?>
<!-- Generated by org.testng.reporters.JUnitReportReporter -->
<testsuite skipped="0" hostname="DESKTOP-SHFS40Q" name="com.Rest.DefaultRequestSpecBuilder" tests="3" failures="0" timestamp="2021-07-04T20:24:23 IST" time="8.952" errors="0">
  <testcase name="validateStatusLine" time="1.974" classname="com.Rest.DefaultRequestSpecBuilder"/>
  <system-out/>
  <testcase name="validateResponseTime" time="1.968" classname="com.Rest.DefaultRequestSpecBuilder"/>
  <system-out/>
  <testcase name="validateResponseBody" time="5.010" classname="com.Rest.DefaultRequestSpecBuilder"/>
  <system-out/>
</testsuite> <!-- com.Rest.DefaultRequestSpecBuilder -->
