<?xml version="1.0" encoding="UTF-8"?>
<!-- Generated by org.testng.reporters.JUnitReportReporter -->
<testsuite skipped="0" hostname="DESKTOP-SHFS40Q" name="com.Rest.RequestGETPlaylistOfACategory" tests="2" failures="0" timestamp="2021-08-15T18:51:59 IST" time="4.107" errors="0">
  <testcase name="getAllAvailableCategories" time="4.103" classname="com.Rest.RequestGETPlaylistOfACategory"/>
  <system-out/>
  <testcase name="getPlaylistForASelectedCategory" time="0.004" classname="com.Rest.RequestGETPlaylistOfACategory"/>
  <system-out/>
</testsuite> <!-- com.Rest.RequestGETPlaylistOfACategory -->
