<?xml version="1.0" encoding="UTF-8"?>
<!-- Generated by org.testng.reporters.JUnitReportReporter -->
<testsuite skipped="0" hostname="DESKTOP-SHFS40Q" name="com.Rest.FirstTest" tests="1" failures="0" timestamp="2021-06-21T11:26:14 IST" time="30.683" errors="0">
  <testcase name="test" time="30.683" classname="com.Rest.FirstTest"/>
  <system-out/>
</testsuite> <!-- com.Rest.FirstTest -->
