<?xml version="1.0" encoding="UTF-8"?>
<!-- Generated by org.testng.reporters.JUnitReportReporter -->
<testsuite skipped="0" hostname="DESKTOP-SHFS40Q" name="com.Rest.GetGmailMessagesListForSpecificLabelID" tests="2" failures="0" timestamp="2021-07-31T11:58:40 IST" time="4.731" errors="0">
  <testcase name="test" time="4.004" classname="com.Rest.GetGmailMessagesListForSpecificLabelID"/>
  <system-out/>
  <testcase name="getMessagesListUsingLabelID" time="0.727" classname="com.Rest.GetGmailMessagesListForSpecificLabelID"/>
  <system-out/>
</testsuite> <!-- com.Rest.GetGmailMessagesListForSpecificLabelID -->
