<?xml version="1.0" encoding="UTF-8"?>
<!-- Generated by org.testng.reporters.JUnitReportReporter -->
<testsuite skipped="0" hostname="DESKTOP-SHFS40Q" name="com.Rest.GetLabelDetailsUsingLabelID" tests="2" failures="0" timestamp="2021-07-31T11:41:33 IST" time="13.813" errors="0">
  <testcase name="test" time="4.309" classname="com.Rest.GetLabelDetailsUsingLabelID"/>
  <system-out/>
  <testcase name="getLabelDetailsUsingID" time="9.504" classname="com.Rest.GetLabelDetailsUsingLabelID"/>
  <system-out/>
</testsuite> <!-- com.Rest.GetLabelDetailsUsingLabelID -->
