<?xml version="1.0" encoding="UTF-8"?>
<!-- Generated by org.testng.reporters.JUnitReportReporter -->
<testsuite skipped="0" hostname="DESKTOP-SHFS40Q" name="com.Rest.GetDraftMailsListForGmail" tests="2" failures="0" timestamp="2021-08-02T11:13:01 IST" time="4.658" errors="0">
  <testcase name="getListOfMailsInDraftFolder" time="3.901" classname="com.Rest.GetDraftMailsListForGmail"/>
  <system-out/>
  <testcase name="getDraftMail" time="0.757" classname="com.Rest.GetDraftMailsListForGmail"/>
  <system-out/>
</testsuite> <!-- com.Rest.GetDraftMailsListForGmail -->
