<?xml version="1.0" encoding="UTF-8"?>
<!-- Generated by org.testng.reporters.JUnitReportReporter -->
<testsuite skipped="0" hostname="DESKTOP-SHFS40Q" name="com.Rest.RequestGETDetailsOfSingleCategory" tests="2" failures="0" timestamp="2021-08-15T18:53:45 IST" time="12.286" errors="0">
  <testcase name="getAllAvailableCategories" time="4.036" classname="com.Rest.RequestGETDetailsOfSingleCategory"/>
  <system-out/>
  <testcase name="getSingleCategoryDetail" time="8.250" classname="com.Rest.RequestGETDetailsOfSingleCategory"/>
  <system-out/>
</testsuite> <!-- com.Rest.RequestGETDetailsOfSingleCategory -->
