<?xml version="1.0" encoding="UTF-8"?>
<!-- Generated by org.testng.reporters.JUnitReportReporter -->
<testsuite skipped="0" hostname="DESKTOP-SHFS40Q" name="com.Rest.Spotify_PlaylistsAPI.RequestGETUserPlaylistCoverImage" tests="1" failures="0" timestamp="2021-08-17T18:09:57 IST" time="3.216" errors="0">
  <testcase name="getPlaylistCoverImage" time="3.216" classname="com.Rest.Spotify_PlaylistsAPI.RequestGETUserPlaylistCoverImage"/>
  <system-out/>
</testsuite> <!-- com.Rest.Spotify_PlaylistsAPI.RequestGETUserPlaylistCoverImage -->
