<?xml version="1.0" encoding="UTF-8"?>
<!-- Generated by org.testng.reporters.JUnitReportReporter -->
<testsuite skipped="0" hostname="DESKTOP-SHFS40Q" name="com.Rest.ResponseSpecificationExample" tests="2" failures="0" timestamp="2021-07-05T19:35:46 IST" time="7.645" errors="0">
  <testcase name="validateStatusCode1" time="2.306" classname="com.Rest.ResponseSpecificationExample"/>
  <system-out/>
  <testcase name="validateMsg" time="5.339" classname="com.Rest.ResponseSpecificationExample"/>
  <system-out/>
</testsuite> <!-- com.Rest.ResponseSpecificationExample -->
