<?xml version="1.0" encoding="UTF-8"?>
<!-- Generated by org.testng.reporters.JUnitReportReporter -->
<testsuite skipped="0" hostname="DESKTOP-SHFS40Q" name="com.Rest.HamcrestAssertionsExample" tests="5" failures="0" timestamp="2021-06-21T18:25:29 IST" time="12.614" errors="0">
  <testcase name="test1" time="5.844" classname="com.Rest.HamcrestAssertionsExample"/>
  <system-out/>
  <testcase name="test2" time="1.769" classname="com.Rest.HamcrestAssertionsExample"/>
  <system-out/>
  <testcase name="test3" time="1.718" classname="com.Rest.HamcrestAssertionsExample"/>
  <system-out/>
  <testcase name="test4" time="1.684" classname="com.Rest.HamcrestAssertionsExample"/>
  <system-out/>
  <testcase name="test5" time="1.599" classname="com.Rest.HamcrestAssertionsExample"/>
  <system-out/>
</testsuite> <!-- com.Rest.HamcrestAssertionsExample -->
