<?xml version="1.0" encoding="UTF-8"?>
<!-- Generated by org.testng.reporters.JUnitReportReporter -->
<testsuite skipped="0" hostname="DESKTOP-SHFS40Q" name="com.Rest.RequestGETAllAvailableGenres" tests="1" failures="0" timestamp="2021-08-13T20:22:45 IST" time="6.041" errors="0">
  <testcase name="getAllArtists" time="6.041" classname="com.Rest.RequestGETAllAvailableGenres"/>
  <system-out/>
</testsuite> <!-- com.Rest.RequestGETAllAvailableGenres -->
