<?xml version="1.0" encoding="UTF-8"?>
<!-- Generated by org.testng.reporters.JUnitReportReporter -->
<testsuite skipped="0" hostname="DESKTOP-SHFS40Q" name="com.Rest.GetGmailUserProfile" tests="1" failures="0" timestamp="2021-08-01T12:02:36 IST" time="3.944" errors="0">
  <testcase name="test" time="3.944" classname="com.Rest.GetGmailUserProfile"/>
  <system-out/>
</testsuite> <!-- com.Rest.GetGmailUserProfile -->
