<?xml version="1.0" encoding="UTF-8"?>
<!-- Generated by org.testng.reporters.JUnitReportReporter -->
<testsuite skipped="0" hostname="DESKTOP-SHFS40Q" name="com.Rest.RequestGETFeaturedPlaylists" tests="1" failures="0" timestamp="2021-08-15T18:37:07 IST" time="4.051" errors="0">
  <testcase name="getAllAvailableCategories" time="4.051" classname="com.Rest.RequestGETFeaturedPlaylists"/>
  <system-out/>
</testsuite> <!-- com.Rest.RequestGETFeaturedPlaylists -->
