<?xml version="1.0" encoding="UTF-8"?>
<!-- Generated by org.testng.reporters.JUnitReportReporter -->
<testsuite skipped="0" hostname="DESKTOP-SHFS40Q" name="com.Rest.GetGmailMessageContentUsingMessageID" tests="3" failures="0" timestamp="2021-07-31T12:45:59 IST" time="10.342" errors="0">
  <testcase name="test" time="4.683" classname="com.Rest.GetGmailMessageContentUsingMessageID"/>
  <system-out/>
  <testcase name="getMessagesContentUsingMessageID" time="0.916" classname="com.Rest.GetGmailMessageContentUsingMessageID"/>
  <system-out/>
  <testcase name="getMessageDetails" time="4.743" classname="com.Rest.GetGmailMessageContentUsingMessageID"/>
  <system-out/>
</testsuite> <!-- com.Rest.GetGmailMessageContentUsingMessageID -->
