<?xml version="1.0" encoding="UTF-8"?>
<!-- Generated by org.testng.reporters.JUnitReportReporter -->
<testsuite skipped="0" hostname="DESKTOP-SHFS40Q" name="com.Rest.GetResponseBodyOfWorkSpacesFromPostman" tests="3" failures="0" timestamp="2021-06-21T13:36:08 IST" time="10.357" errors="0">
  <testcase name="test1" time="6.250" classname="com.Rest.GetResponseBodyOfWorkSpacesFromPostman"/>
  <system-out/>
  <testcase name="test2" time="2.184" classname="com.Rest.GetResponseBodyOfWorkSpacesFromPostman"/>
  <system-out/>
  <testcase name="test3" time="1.923" classname="com.Rest.GetResponseBodyOfWorkSpacesFromPostman"/>
  <system-out/>
</testsuite> <!-- com.Rest.GetResponseBodyOfWorkSpacesFromPostman -->
