<?xml version="1.0" encoding="UTF-8"?>
<!-- Generated by org.testng.reporters.JUnitReportReporter -->
<testsuite skipped="0" hostname="DESKTOP-SHFS40Q" name="com.Rest.SendEmailUsingGmailID" tests="1" failures="0" timestamp="2021-07-31T15:11:32 IST" time="3.057" errors="0">
  <testcase name="test" time="3.057" classname="com.Rest.SendEmailUsingGmailID"/>
  <system-out/>
</testsuite> <!-- com.Rest.SendEmailUsingGmailID -->
