<?xml version="1.0" encoding="UTF-8"?>
<!-- Generated by org.testng.reporters.JUnitReportReporter -->
<testsuite skipped="0" hostname="DESKTOP-SHFS40Q" name="pkg.AutomationTests.Test1" tests="2" failures="0" timestamp="2020-07-03T16:08:32 IST" time="49.933" errors="0">
  <testcase name="launchGoogle" time="26.028" classname="pkg.AutomationTests.Test1"/>
  <system-out/>
  <testcase name="launchGoogle" time="23.905" classname="pkg.AutomationTests.Test1"/>
  <system-out/>
</testsuite> <!-- pkg.AutomationTests.Test1 -->
