<?xml version="1.0" encoding="UTF-8"?>
<!-- Generated by org.testng.reporters.JUnitReportReporter -->
<testsuite skipped="0" hostname="DESKTOP-SHFS40Q" name="com.Rest.RequestGETAllSongsBasedOnQueryAndTrackSearch" tests="1" failures="0" timestamp="2021-08-17T16:20:37 IST" time="3.710" errors="0">
  <testcase name="searchUsingQueryAndType" time="3.710" classname="com.Rest.RequestGETAllSongsBasedOnQueryAndTrackSearch"/>
  <system-out/>
</testsuite> <!-- com.Rest.RequestGETAllSongsBasedOnQueryAndTrackSearch -->
