<?xml version="1.0" encoding="UTF-8"?>
<!-- Generated by org.testng.reporters.JUnitReportReporter -->
<testsuite skipped="0" hostname="DESKTOP-SHFS40Q" name="com.Rest.RequestSpecificationExecutionForGETRequest" tests="1" failures="0" timestamp="2021-07-04T17:49:04 IST" time="5.315" errors="0">
  <testcase name="validateStatusCode2" time="5.315" classname="com.Rest.RequestSpecificationExecutionForGETRequest"/>
  <system-out/>
</testsuite> <!-- com.Rest.RequestSpecificationExecutionForGETRequest -->
