<?xml version="1.0" encoding="UTF-8"?>
<!-- Generated by org.testng.reporters.JUnitReportReporter -->
<testsuite skipped="0" hostname="DESKTOP-SHFS40Q" name="com.Rest.RequestGETUserPlaylist" tests="1" failures="0" timestamp="2021-08-17T16:22:51 IST" time="4.722" errors="0">
  <testcase name="getUserPlaylist" time="4.722" classname="com.Rest.RequestGETUserPlaylist"/>
  <system-out/>
</testsuite> <!-- com.Rest.RequestGETUserPlaylist -->
