<?xml version="1.0" encoding="UTF-8"?>
<!-- Generated by org.testng.reporters.JUnitReportReporter -->
<testsuite skipped="0" hostname="DESKTOP-SHFS40Q" name="com.Rest.Test3" tests="2" failures="0" timestamp="2021-07-06T18:20:36 IST" time="5.127" errors="0">
  <testcase name="validateResponseTime" time="3.980" classname="com.Rest.Test3"/>
  <system-out/>
  <testcase name="validateStatusCode" time="1.147" classname="com.Rest.Test3"/>
  <system-out/>
</testsuite> <!-- com.Rest.Test3 -->
