<?xml version="1.0" encoding="UTF-8"?>
<!-- Generated by org.testng.reporters.JUnitReportReporter -->
<testsuite skipped="0" hostname="DESKTOP-SHFS40Q" name="com.Rest.SerializeAndDeserializePractice2" tests="1" failures="0" timestamp="2021-07-18T20:50:30 IST" time="8.969" errors="0">
  <testcase name="Test" time="8.969" classname="com.Rest.SerializeAndDeserializePractice2"/>
  <system-out/>
</testsuite> <!-- com.Rest.SerializeAndDeserializePractice2 -->
