<?xml version="1.0" encoding="UTF-8"?>
<!-- Generated by org.testng.reporters.JUnitReportReporter -->
<testsuite skipped="0" hostname="DESKTOP-SHFS40Q" name="com.Rest.ResuseRequestSpecificationExample" tests="2" failures="0" timestamp="2021-07-04T18:49:06 IST" time="7.737" errors="0">
  <testcase name="validateMsg" time="5.708" classname="com.Rest.ResuseRequestSpecificationExample"/>
  <system-out/>
  <testcase name="validateStatusCode1" time="2.029" classname="com.Rest.ResuseRequestSpecificationExample"/>
  <system-out/>
</testsuite> <!-- com.Rest.ResuseRequestSpecificationExample -->
