<?xml version="1.0" encoding="UTF-8"?>
<!-- Generated by org.testng.reporters.JUnitReportReporter -->
<testsuite skipped="0" hostname="DESKTOP-SHFS40Q" name="com.Rest.RequestPOSTAddSongsToUserPlaylist" tests="1" failures="0" timestamp="2021-08-17T16:21:33 IST" time="2.710" errors="0">
  <testcase name="addSongToPlaylist" time="2.710" classname="com.Rest.RequestPOSTAddSongsToUserPlaylist"/>
  <system-out/>
</testsuite> <!-- com.Rest.RequestPOSTAddSongsToUserPlaylist -->
