<?xml version="1.0" encoding="UTF-8"?>
<!-- Generated by org.testng.reporters.JUnitReportReporter -->
<testsuite skipped="0" hostname="DESKTOP-SHFS40Q" name="com.Rest.ExtractResponseBody" tests="2" failures="0" timestamp="2021-06-21T16:30:40 IST" time="9.623" errors="0">
  <testcase name="test1" time="7.506" classname="com.Rest.ExtractResponseBody"/>
  <system-out/>
  <testcase name="test2" time="2.117" classname="com.Rest.ExtractResponseBody"/>
  <system-out/>
</testsuite> <!-- com.Rest.ExtractResponseBody -->
