<?xml version="1.0" encoding="UTF-8"?>
<!-- Generated by org.testng.reporters.JUnitReportReporter -->
<testsuite skipped="0" hostname="DESKTOP-SHFS40Q" name="com.Rest.RequestSpecificationBuilderExample" tests="3" failures="0" timestamp="2021-07-04T20:15:19 IST" time="9.574" errors="0">
  <testcase name="validateStatusLine" time="2.334" classname="com.Rest.RequestSpecificationBuilderExample"/>
  <system-out/>
  <testcase name="validateResponseTime" time="2.051" classname="com.Rest.RequestSpecificationBuilderExample"/>
  <system-out/>
  <testcase name="validateResponseBody" time="5.189" classname="com.Rest.RequestSpecificationBuilderExample"/>
  <system-out/>
</testsuite> <!-- com.Rest.RequestSpecificationBuilderExample -->
