<?xml version="1.0" encoding="UTF-8"?>
<!-- Generated by org.testng.reporters.JUnitReportReporter -->
<testsuite skipped="0" hostname="DESKTOP-SHFS40Q" name="com.Rest.AssertionOnExtractedResponseFromGET" tests="2" failures="0" timestamp="2021-06-21T16:50:45 IST" time="8.044" errors="0">
  <testcase name="test1" time="6.297" classname="com.Rest.AssertionOnExtractedResponseFromGET"/>
  <system-out/>
  <testcase name="test2" time="1.747" classname="com.Rest.AssertionOnExtractedResponseFromGET"/>
  <system-out/>
</testsuite> <!-- com.Rest.AssertionOnExtractedResponseFromGET -->
