<?xml version="1.0" encoding="UTF-8"?>
<!-- Generated by org.testng.reporters.JUnitReportReporter -->
<testsuite skipped="0" hostname="DESKTOP-SHFS40Q" name="com.Rest.QueryingRequestSpecification" tests="1" failures="0" timestamp="2021-07-04T20:39:16 IST" time="0.009" errors="0">
  <testcase name="query" time="0.009" classname="com.Rest.QueryingRequestSpecification"/>
  <system-out/>
</testsuite> <!-- com.Rest.QueryingRequestSpecification -->
