<?xml version="1.0" encoding="UTF-8"?>
<!-- Generated by org.testng.reporters.JUnitReportReporter -->
<testsuite skipped="0" hostname="DESKTOP-SHFS40Q" name="com.Rest.UpdateLabelInfoGmail" tests="2" failures="0" timestamp="2021-08-04T19:53:34 IST" time="4.575" errors="0">
  <testcase name="updateLabel" time="3.192" classname="com.Rest.UpdateLabelInfoGmail"/>
  <system-out/>
  <testcase name="getLabelsList" time="1.383" classname="com.Rest.UpdateLabelInfoGmail"/>
  <system-out/>
</testsuite> <!-- com.Rest.UpdateLabelInfoGmail -->
