<?xml version="1.0" encoding="UTF-8"?>
<!-- Generated by org.testng.reporters.JUnitReportReporter -->
<testsuite skipped="0" hostname="DESKTOP-SHFS40Q" name="com.Rest.LoggingForGETRequest" tests="5" failures="0" timestamp="2021-06-22T17:33:26 IST" time="13.071" errors="0">
  <testcase name="test1" time="5.977" classname="com.Rest.LoggingForGETRequest"/>
  <system-out/>
  <testcase name="test2" time="1.780" classname="com.Rest.LoggingForGETRequest"/>
  <system-out/>
  <testcase name="test3" time="1.749" classname="com.Rest.LoggingForGETRequest"/>
  <system-out/>
  <testcase name="test4" time="1.830" classname="com.Rest.LoggingForGETRequest"/>
  <system-out/>
  <testcase name="test5" time="1.735" classname="com.Rest.LoggingForGETRequest"/>
  <system-out/>
</testsuite> <!-- com.Rest.LoggingForGETRequest -->
