<?xml version="1.0" encoding="UTF-8"?>
<!-- Generated by org.testng.reporters.JUnitReportReporter -->
<testsuite skipped="0" hostname="DESKTOP-SHFS40Q" name="com.Rest.GetGmailLabelsList" tests="1" failures="0" timestamp="2021-08-03T21:21:03 IST" time="5.329" errors="0">
  <testcase name="test" time="5.329" classname="com.Rest.GetGmailLabelsList"/>
  <system-out/>
</testsuite> <!-- com.Rest.GetGmailLabelsList -->
