<?xml version="1.0" encoding="UTF-8"?>
<!-- Generated by org.testng.reporters.JUnitReportReporter -->
<testsuite skipped="0" hostname="DESKTOP-SHFS40Q" name="com.Rest.Spotify_PlaylistsAPI.RequestGETUserPlaylistItemsBasedOnSelection" tests="1" failures="0" timestamp="2021-08-18T12:51:03 IST" time="2.674" errors="0">
  <testcase name="getPlaylistBasedOnSelection" time="2.674" classname="com.Rest.Spotify_PlaylistsAPI.RequestGETUserPlaylistItemsBasedOnSelection"/>
  <system-out/>
</testsuite> <!-- com.Rest.Spotify_PlaylistsAPI.RequestGETUserPlaylistItemsBasedOnSelection -->
