<?xml version="1.0" encoding="UTF-8"?>
<!-- Generated by org.testng.reporters.JUnitReportReporter -->
<testsuite skipped="0" hostname="DESKTOP-SHFS40Q" name="com.Rest.GetSpecifiedMessageAttachementBasedOnMessageIDGmail" tests="2" failures="0" timestamp="2021-08-06T07:56:20 IST" time="4.929" errors="0">
  <testcase name="test" time="4.160" classname="com.Rest.GetSpecifiedMessageAttachementBasedOnMessageIDGmail"/>
  <system-out/>
  <testcase name="getMessagesListUsingLabelID" time="0.769" classname="com.Rest.GetSpecifiedMessageAttachementBasedOnMessageIDGmail"/>
  <system-out/>
</testsuite> <!-- com.Rest.GetSpecifiedMessageAttachementBasedOnMessageIDGmail -->
