<?xml version="1.0" encoding="UTF-8"?>
<!-- Generated by org.testng.reporters.JUnitReportReporter -->
<testsuite skipped="0" hostname="DESKTOP-SHFS40Q" name="com.Rest.MoveMailToTrash" tests="1" failures="0" timestamp="2021-07-31T18:00:51 IST" time="4.034" errors="0">
  <testcase name="moveMailToTrash" time="4.034" classname="com.Rest.MoveMailToTrash"/>
  <system-out/>
</testsuite> <!-- com.Rest.MoveMailToTrash -->
