<?xml version="1.0" encoding="UTF-8"?>
<!-- Generated by org.testng.reporters.JUnitReportReporter -->
<testsuite skipped="0" hostname="DESKTOP-SHFS40Q" name="com.Rest.UpdateGmailDraftMail" tests="4" failures="0" timestamp="2021-08-01T19:35:38 IST" time="6.868" errors="0">
  <testcase name="getListOfMailsInDraftFolder" time="4.307" classname="com.Rest.UpdateGmailDraftMail"/>
  <system-out/>
  <testcase name="getDraftMail" time="0.926" classname="com.Rest.UpdateGmailDraftMail"/>
  <system-out/>
  <testcase name="updateDraftMail" time="0.954" classname="com.Rest.UpdateGmailDraftMail"/>
  <system-out/>
  <testcase name="getUpdatedDraftMail" time="0.681" classname="com.Rest.UpdateGmailDraftMail"/>
  <system-out/>
</testsuite> <!-- com.Rest.UpdateGmailDraftMail -->
