<?xml version="1.0" encoding="UTF-8"?>
<!-- Generated by org.testng.reporters.JUnitReportReporter -->
<testsuite skipped="0" hostname="DESKTOP-SHFS40Q" name="com.Rest.TestCase2" tests="2" failures="0" timestamp="2021-07-06T17:21:39 IST" time="7.429" errors="0">
  <testcase name="validateRespBody" time="5.912" classname="com.Rest.TestCase2"/>
  <system-out/>
  <testcase name="validateRespTime" time="1.517" classname="com.Rest.TestCase2"/>
  <system-out/>
</testsuite> <!-- com.Rest.TestCase2 -->
