<?xml version="1.0" encoding="UTF-8"?>
<!-- Generated by org.testng.reporters.JUnitReportReporter -->
<testsuite hostname="DESKTOP-SHFS40Q" name="com.Rest.FirstTest" tests="1" failures="0" timestamp="20 Jun 2021 14:42:20 GMT" time="3.033" errors="0">
  <testcase name="test" time="3.033" classname="com.Rest.FirstTest"/>
</testsuite> <!-- com.Rest.FirstTest -->
